<?xml version="1.0" encoding="UTF-8"?>
<!-- Generated by org.testng.reporters.JUnitReportReporter -->
<testsuite hostname="ebby" name="runner.Feature1Runner" tests="4" failures="0" timestamp="29 Mar 2018 15:13:07 GMT" time="0.212" errors="0">
  <testcase name="feature" time="0.201" classname="runner.Feature1Runner"/>
  <testcase name="feature" time="0.003" classname="runner.Feature1Runner"/>
  <testcase name="feature" time="0.004" classname="runner.Feature1Runner"/>
  <testcase name="feature" time="0.004" classname="runner.Feature1Runner"/>
</testsuite> <!-- runner.Feature1Runner -->
